[0m23:31:16.810660 [debug] [MainThread]: Sending event: {'category': 'dbt', 'action': 'invocation', 'label': 'start', 'context': [<snowplow_tracker.self_describing_json.SelfDescribingJson object at 0x112ac4b60>, <snowplow_tracker.self_describing_json.SelfDescribingJson object at 0x1135c5fa0>, <snowplow_tracker.self_describing_json.SelfDescribingJson object at 0x1135c5af0>]}


============================== 23:31:16.813285 | af5ac3af-399f-43ab-b198-71c644ee8f26 ==============================
[0m23:31:16.813285 [info ] [MainThread]: Running with dbt=1.11.3
[0m23:31:16.813592 [debug] [MainThread]: running dbt with arguments {'write_json': 'True', 'debug': 'False', 'printer_width': '80', 'warn_error': 'None', 'partial_parse': 'True', 'target_path': 'None', 'log_path': 'logs', 'static_parser': 'True', 'use_colors': 'True', 'version_check': 'True', 'send_anonymous_usage_stats': 'True', 'indirect_selection': 'eager', 'use_experimental_parser': 'False', 'fail_fast': 'False', 'profiles_dir': '/Users/lindseylewis/.dbt', 'quiet': 'False', 'log_cache_events': 'False', 'cache_selected_only': 'False', 'invocation_command': 'dbt debug', 'empty': 'None', 'no_print': 'None', 'introspect': 'True', 'log_format': 'default', 'warn_error_options': 'WarnErrorOptionsV2(error=[], warn=[], silence=[])'}
[0m23:31:16.820476 [info ] [MainThread]: dbt version: 1.11.3
[0m23:31:16.820705 [info ] [MainThread]: python version: 3.12.3
[0m23:31:16.820857 [info ] [MainThread]: python path: /Users/lindseylewis/Desktop/ML/accountability-dbt-pipeline/venv/bin/python3.12
[0m23:31:16.821003 [info ] [MainThread]: os info: macOS-13.7.6-arm64-arm-64bit
[0m23:31:16.823534 [info ] [MainThread]: Error importing adapter: No module named 'dbt.adapters.snowflake'
[0m23:31:16.823790 [info ] [MainThread]: Using profiles dir at /Users/lindseylewis/.dbt
[0m23:31:16.823945 [info ] [MainThread]: Using profiles.yml file at /Users/lindseylewis/.dbt/profiles.yml
[0m23:31:16.824073 [info ] [MainThread]: Using dbt_project.yml file at /Users/lindseylewis/Desktop/ML/accountability-dbt-pipeline/dbt_project.yml
[0m23:31:16.824205 [info ] [MainThread]: Configuration:
[0m23:31:16.824330 [info ] [MainThread]:   profiles.yml file [[31mERROR invalid[0m]
[0m23:31:16.824447 [info ] [MainThread]:   dbt_project.yml file [[31mERROR not found[0m]
[0m23:31:16.824576 [info ] [MainThread]: Required dependencies:
[0m23:31:16.824733 [debug] [MainThread]: Executing "git --help"
[0m23:31:16.830236 [debug] [MainThread]: STDOUT: "b"usage: git [-v | --version] [-h | --help] [-C <path>] [-c <name>=<value>]\n           [--exec-path[=<path>]] [--html-path] [--man-path] [--info-path]\n           [-p | --paginate | -P | --no-pager] [--no-replace-objects] [--bare]\n           [--git-dir=<path>] [--work-tree=<path>] [--namespace=<name>]\n           [--config-env=<name>=<envvar>] <command> [<args>]\n\nThese are common Git commands used in various situations:\n\nstart a working area (see also: git help tutorial)\n   clone     Clone a repository into a new directory\n   init      Create an empty Git repository or reinitialize an existing one\n\nwork on the current change (see also: git help everyday)\n   add       Add file contents to the index\n   mv        Move or rename a file, a directory, or a symlink\n   restore   Restore working tree files\n   rm        Remove files from the working tree and from the index\n\nexamine the history and state (see also: git help revisions)\n   bisect    Use binary search to find the commit that introduced a bug\n   diff      Show changes between commits, commit and working tree, etc\n   grep      Print lines matching a pattern\n   log       Show commit logs\n   show      Show various types of objects\n   status    Show the working tree status\n\ngrow, mark and tweak your common history\n   branch    List, create, or delete branches\n   commit    Record changes to the repository\n   merge     Join two or more development histories together\n   rebase    Reapply commits on top of another base tip\n   reset     Reset current HEAD to the specified state\n   switch    Switch branches\n   tag       Create, list, delete or verify a tag object signed with GPG\n\ncollaborate (see also: git help workflows)\n   fetch     Download objects and refs from another repository\n   pull      Fetch from and integrate with another repository or a local branch\n   push      Update remote refs along with associated objects\n\n'git help -a' and 'git help -g' list available subcommands and some\nconcept guides. See 'git help <command>' or 'git help <concept>'\nto read about a specific subcommand or concept.\nSee 'git help git' for an overview of the system.\n""
[0m23:31:16.830775 [debug] [MainThread]: STDERR: "b''"
[0m23:31:16.830950 [info ] [MainThread]:  - git [[32mOK found[0m]

[0m23:31:16.831128 [info ] [MainThread]: Connection test skipped since no profile was found
[0m23:31:16.831334 [info ] [MainThread]: [31m2 checks failed:[0m
[0m23:31:16.831468 [info ] [MainThread]: Could not load dbt_project.yml
Profile loading failed for the following reason:
Runtime Error
  Credentials in profile "data_pipeline", target "dev" invalid: Runtime Error
    Could not find adapter type snowflake!


[0m23:31:16.831606 [info ] [MainThread]: Project loading failed for the following reason:
 project path </Users/lindseylewis/Desktop/ML/accountability-dbt-pipeline/dbt_project.yml> not found

[0m23:31:16.856091 [debug] [MainThread]: Resource report: {"command_name": "debug", "command_success": false, "command_wall_clock_time": 0.08304083, "process_in_blocks": "0", "process_kernel_time": 0.138868, "process_mem_max_rss": "108494848", "process_out_blocks": "0", "process_user_time": 0.69768}
[0m23:31:16.856553 [debug] [MainThread]: Command `dbt debug` failed at 23:31:16.856487 after 0.08 seconds
[0m23:31:16.856909 [debug] [MainThread]: Sending event: {'category': 'dbt', 'action': 'invocation', 'label': 'end', 'context': [<snowplow_tracker.self_describing_json.SelfDescribingJson object at 0x1135f0140>, <snowplow_tracker.self_describing_json.SelfDescribingJson object at 0x1135f26f0>, <snowplow_tracker.self_describing_json.SelfDescribingJson object at 0x113777230>]}
[0m23:31:16.857167 [debug] [MainThread]: Flushing usage events
[0m23:31:17.164868 [debug] [MainThread]: An error was encountered while trying to flush usage events
[0m16:09:59.593783 [debug] [MainThread]: Sending event: {'category': 'dbt', 'action': 'invocation', 'label': 'start', 'context': [<snowplow_tracker.self_describing_json.SelfDescribingJson object at 0x11368ad20>, <snowplow_tracker.self_describing_json.SelfDescribingJson object at 0x1137cec60>, <snowplow_tracker.self_describing_json.SelfDescribingJson object at 0x1137ce7b0>]}


============================== 16:09:59.596602 | 59dce36e-07d3-4234-ace8-d090f3752896 ==============================
[0m16:09:59.596602 [info ] [MainThread]: Running with dbt=1.11.3
[0m16:09:59.596930 [debug] [MainThread]: running dbt with arguments {'log_path': 'logs', 'static_parser': 'True', 'use_colors': 'True', 'warn_error_options': 'WarnErrorOptionsV2(error=[], warn=[], silence=[])', 'partial_parse': 'True', 'log_cache_events': 'False', 'send_anonymous_usage_stats': 'True', 'use_experimental_parser': 'False', 'version_check': 'True', 'debug': 'False', 'invocation_command': 'dbt seed --full-refresh', 'target_path': 'None', 'introspect': 'True', 'empty': 'None', 'log_format': 'default', 'printer_width': '80', 'fail_fast': 'False', 'profiles_dir': '/Users/lindseylewis/.dbt', 'cache_selected_only': 'False', 'no_print': 'None', 'write_json': 'True', 'indirect_selection': 'eager', 'quiet': 'False', 'warn_error': 'None'}
[0m16:09:59.597247 [error] [MainThread]: Encountered an error:
Runtime Error
  No dbt_project.yml found at expected path /Users/lindseylewis/Desktop/ML/accountability-dbt-pipeline/dbt_project.yml
  Verify that each entry within packages.yml (and their transitive dependencies) contains a file named dbt_project.yml
  
[0m16:09:59.597931 [debug] [MainThread]: Resource report: {"command_name": "seed", "command_success": false, "command_wall_clock_time": 0.03748979, "process_in_blocks": "0", "process_kernel_time": 0.132428, "process_mem_max_rss": "104579072", "process_out_blocks": "0", "process_user_time": 0.631976}
[0m16:09:59.598190 [debug] [MainThread]: Command `dbt seed` failed at 16:09:59.598145 after 0.04 seconds
[0m16:09:59.598364 [debug] [MainThread]: Sending event: {'category': 'dbt', 'action': 'invocation', 'label': 'end', 'context': [<snowplow_tracker.self_describing_json.SelfDescribingJson object at 0x1134c9880>, <snowplow_tracker.self_describing_json.SelfDescribingJson object at 0x1131259a0>, <snowplow_tracker.self_describing_json.SelfDescribingJson object at 0x11368ad20>]}
[0m16:09:59.598532 [debug] [MainThread]: Flushing usage events
[0m16:09:59.861302 [debug] [MainThread]: An error was encountered while trying to flush usage events
